{"name": "Проверяем, что при нажатии на игридиент открывается модальное окно и закрываем его", "status": "broken", "statusDetails": {"message": "selenium.common.exceptions.TimeoutException: Message: Элемент ('xpath', \"//section[contains(@class, 'Modal_modal') and contains(@class, 'Modal_modal')][1]\") не виден", "trace": "self = <tests.test_constructor_on_main.TestMainPageConstructor object at 0x102d792e0>\nbrowser = <selenium.webdriver.firefox.webdriver.WebDriver (session=\"0bd18f23-73cf-4ea1-bd65-f1043815b0f1\")>\n\n    @allure.title(\"Проверяем, что при нажатии на игридиент открывается модальное окно и закрываем его\")\n    @pytest.mark.parametrize(\"browser\", [\"chrome\", \"firefox\"], indirect=True)\n    def test_click_on_ingredient_and_close_modal(self, browser):\n        main_page = MainPageHelper(browser)\n        main_page.go_to_site()\n    \n        main_page.click_on_sauce()\n        main_page.close_modal_window()\n>       assert main_page.is_modal_window_hidden() is True\n\ntests/test_constructor_on_main.py:26: \n_ _ _ _ _ _ _ _ _ _ _ _ _ _ _ _ _ _ _ _ _ _ _ _ _ _ _ _ _ _ _ _ _ _ _ _ _ _ _ _ _ _ _ _ _ _ _ _ _ _ _ _ _ _ _ _ _ _ _ _ _ _ _ _ _ _ _ _ _ _ _ _ _ _ _ _ _ _ _ _ _ _ _ _ _ _ _\npages/main_page.py:64: in is_modal_window_hidden\n    modal_class = self.get_element_attribute(self.modal_state_hidden, 'class', self.WAIT_TIME_MEDIUM)\npages/base_page.py:51: in get_element_attribute\n    element = self.wait_for_element(locator, time)\npages/base_page.py:27: in wait_for_element\n    return WebDriverWait(self.driver, time).until(\n_ _ _ _ _ _ _ _ _ _ _ _ _ _ _ _ _ _ _ _ _ _ _ _ _ _ _ _ _ _ _ _ _ _ _ _ _ _ _ _ _ _ _ _ _ _ _ _ _ _ _ _ _ _ _ _ _ _ _ _ _ _ _ _ _ _ _ _ _ _ _ _ _ _ _ _ _ _ _ _ _ _ _ _ _ _ _\n\nself = <selenium.webdriver.support.wait.WebDriverWait (session=\"0bd18f23-73cf-4ea1-bd65-f1043815b0f1\")>\nmethod = <function visibility_of_element_located.<locals>._predicate at 0x1031ee520>\nmessage = 'Элемент (\\'xpath\\', \"//section[contains(@class, \\'Modal_modal\\') and contains(@class, \\'Modal_modal\\')][1]\") не виден'\n\n    def until(self, method: Callable[[D], Union[Literal[False], T]], message: str = \"\") -> T:\n        \"\"\"Calls the method provided with the driver as an argument until the \\\n        return value does not evaluate to ``False``.\n    \n        :param method: callable(WebDriver)\n        :param message: optional message for :exc:`TimeoutException`\n        :returns: the result of the last call to `method`\n        :raises: :exc:`selenium.common.exceptions.TimeoutException` if timeout occurs\n        \"\"\"\n        screen = None\n        stacktrace = None\n    \n        end_time = time.monotonic() + self._timeout\n        while True:\n            try:\n                value = method(self._driver)\n                if value:\n                    return value\n            except self._ignored_exceptions as exc:\n                screen = getattr(exc, \"screen\", None)\n                stacktrace = getattr(exc, \"stacktrace\", None)\n            time.sleep(self._poll)\n            if time.monotonic() > end_time:\n                break\n>       raise TimeoutException(message, screen, stacktrace)\nE       selenium.common.exceptions.TimeoutException: Message: Элемент ('xpath', \"//section[contains(@class, 'Modal_modal') and contains(@class, 'Modal_modal')][1]\") не виден\n\n.venv/lib/python3.12/site-packages/selenium/webdriver/support/wait.py:105: TimeoutException"}, "steps": [{"name": "Перейти на сайт", "status": "passed", "start": 1727616558955, "stop": 1727616561954}, {"name": "Нажимает на соус", "status": "passed", "steps": [{"name": "Кликнуть элемент", "status": "passed", "steps": [{"name": "Ожидать, что элемент станет кликабельным", "status": "passed", "parameters": [{"name": "locator", "value": "('xpath', \"//img[@alt='Соус Spicy-X']\")"}, {"name": "time", "value": "15"}], "start": 1727616561955, "stop": 1727616561978}], "parameters": [{"name": "locator", "value": "('xpath', \"//img[@alt='Соус Spicy-X']\")"}, {"name": "time", "value": "15"}], "start": 1727616561955, "stop": 1727616562202}], "start": 1727616561955, "stop": 1727616562202}, {"name": "Закрывает модальное окно ингридиента", "status": "passed", "steps": [{"name": "Кликнуть элемент", "status": "passed", "steps": [{"name": "Ожидать, что элемент станет кликабельным", "status": "passed", "parameters": [{"name": "locator", "value": "('xpath', \"//button[@type='button']//*[name()='svg']\")"}, {"name": "time", "value": "15"}], "start": 1727616562202, "stop": 1727616562213}], "parameters": [{"name": "locator", "value": "('xpath', \"//button[@type='button']//*[name()='svg']\")"}, {"name": "time", "value": "15"}], "start": 1727616562202, "stop": 1727616562427}], "start": 1727616562202, "stop": 1727616562427}, {"name": "Проверяет состояние модального окна на закрытость", "status": "broken", "statusDetails": {"message": "selenium.common.exceptions.TimeoutException: Message: Элемент ('xpath', \"//section[contains(@class, 'Modal_modal') and contains(@class, 'Modal_modal')][1]\") не виден\n\n", "trace": "  File \"/Users/mchvell/Diplom_3/.venv/lib/python3.12/site-packages/allure_commons/_allure.py\", line 192, in impl\n    return func(*a, **kw)\n           ^^^^^^^^^^^^^^\n  File \"/Users/mchvell/Diplom_3/pages/main_page.py\", line 64, in is_modal_window_hidden\n    modal_class = self.get_element_attribute(self.modal_state_hidden, 'class', self.WAIT_TIME_MEDIUM)\n                  ^^^^^^^^^^^^^^^^^^^^^^^^^^^^^^^^^^^^^^^^^^^^^^^^^^^^^^^^^^^^^^^^^^^^^^^^^^^^^^^^^^^\n  File \"/Users/mchvell/Diplom_3/.venv/lib/python3.12/site-packages/allure_commons/_allure.py\", line 192, in impl\n    return func(*a, **kw)\n           ^^^^^^^^^^^^^^\n  File \"/Users/mchvell/Diplom_3/pages/base_page.py\", line 51, in get_element_attribute\n    element = self.wait_for_element(locator, time)\n              ^^^^^^^^^^^^^^^^^^^^^^^^^^^^^^^^^^^^\n  File \"/Users/mchvell/Diplom_3/.venv/lib/python3.12/site-packages/allure_commons/_allure.py\", line 192, in impl\n    return func(*a, **kw)\n           ^^^^^^^^^^^^^^\n  File \"/Users/mchvell/Diplom_3/pages/base_page.py\", line 27, in wait_for_element\n    return WebDriverWait(self.driver, time).until(\n           ^^^^^^^^^^^^^^^^^^^^^^^^^^^^^^^^^^^^^^^\n  File \"/Users/mchvell/Diplom_3/.venv/lib/python3.12/site-packages/selenium/webdriver/support/wait.py\", line 105, in until\n    raise TimeoutException(message, screen, stacktrace)\n"}, "steps": [{"name": "Получить атрибут элемента", "status": "broken", "statusDetails": {"message": "selenium.common.exceptions.TimeoutException: Message: Элемент ('xpath', \"//section[contains(@class, 'Modal_modal') and contains(@class, 'Modal_modal')][1]\") не виден\n\n", "trace": "  File \"/Users/mchvell/Diplom_3/.venv/lib/python3.12/site-packages/allure_commons/_allure.py\", line 192, in impl\n    return func(*a, **kw)\n           ^^^^^^^^^^^^^^\n  File \"/Users/mchvell/Diplom_3/pages/base_page.py\", line 51, in get_element_attribute\n    element = self.wait_for_element(locator, time)\n              ^^^^^^^^^^^^^^^^^^^^^^^^^^^^^^^^^^^^\n  File \"/Users/mchvell/Diplom_3/.venv/lib/python3.12/site-packages/allure_commons/_allure.py\", line 192, in impl\n    return func(*a, **kw)\n           ^^^^^^^^^^^^^^\n  File \"/Users/mchvell/Diplom_3/pages/base_page.py\", line 27, in wait_for_element\n    return WebDriverWait(self.driver, time).until(\n           ^^^^^^^^^^^^^^^^^^^^^^^^^^^^^^^^^^^^^^^\n  File \"/Users/mchvell/Diplom_3/.venv/lib/python3.12/site-packages/selenium/webdriver/support/wait.py\", line 105, in until\n    raise TimeoutException(message, screen, stacktrace)\n"}, "steps": [{"name": "Ожидать видимость элемента", "status": "broken", "statusDetails": {"message": "selenium.common.exceptions.TimeoutException: Message: Элемент ('xpath', \"//section[contains(@class, 'Modal_modal') and contains(@class, 'Modal_modal')][1]\") не виден\n\n", "trace": "  File \"/Users/mchvell/Diplom_3/.venv/lib/python3.12/site-packages/allure_commons/_allure.py\", line 192, in impl\n    return func(*a, **kw)\n           ^^^^^^^^^^^^^^\n  File \"/Users/mchvell/Diplom_3/pages/base_page.py\", line 27, in wait_for_element\n    return WebDriverWait(self.driver, time).until(\n           ^^^^^^^^^^^^^^^^^^^^^^^^^^^^^^^^^^^^^^^\n  File \"/Users/mchvell/Diplom_3/.venv/lib/python3.12/site-packages/selenium/webdriver/support/wait.py\", line 105, in until\n    raise TimeoutException(message, screen, stacktrace)\n"}, "parameters": [{"name": "locator", "value": "('xpath', \"//section[contains(@class, 'Modal_modal') and contains(@class, 'Modal_modal')][1]\")"}, {"name": "time", "value": "15"}], "start": 1727616562427, "stop": 1727616577874}], "parameters": [{"name": "locator", "value": "('xpath', \"//section[contains(@class, 'Modal_modal') and contains(@class, 'Modal_modal')][1]\")"}, {"name": "attribute", "value": "'class'"}, {"name": "time", "value": "15"}], "start": 1727616562427, "stop": 1727616577880}], "start": 1727616562427, "stop": 1727616577880}], "parameters": [{"name": "browser", "value": "'firefox'"}], "start": 1727616558955, "stop": 1727616577882, "uuid": "bd39caba-c1af-4619-8280-4c5215e6e5d9", "historyId": "6097edc685da54af1ad9f8c127bbdc17", "testCaseId": "789f8fc10a78b0ca33d4e42097f9d5c3", "fullName": "tests.test_constructor_on_main.TestMainPageConstructor#test_click_on_ingredient_and_close_modal", "labels": [{"name": "parentSuite", "value": "tests"}, {"name": "suite", "value": "test_constructor_on_main"}, {"name": "subSuite", "value": "TestMainPageConstructor"}, {"name": "host", "value": "mchvell-book-m2-pro.local"}, {"name": "thread", "value": "17052-MainThread"}, {"name": "framework", "value": "pytest"}, {"name": "language", "value": "cpython3"}, {"name": "package", "value": "tests.test_constructor_on_main"}]}