{"name": "test_click_on_ingredient_and_close_modal[firefox]", "status": "broken", "statusDetails": {"message": "selenium.common.exceptions.TimeoutException: Message: Элемент ('xpath', \"//section[contains(@class, 'Modal_modal') and contains(@class, 'Modal_modal')][1]\") не найден", "trace": "self = <tests.test_constructor_on_main.TestMainPageConstructor object at 0x103724a40>, browser = <selenium.webdriver.firefox.webdriver.WebDriver (session=\"4d8de97f-d865-4bae-b137-2d1226fa9877\")>\n\n    @allure.description(\"Проверяем, что при нажатии на игридиент открывается модальное окно и закрываем его\")\n    @pytest.mark.parametrize(\"browser\", [\"chrome\", \"firefox\"], indirect=True)\n    def test_click_on_ingredient_and_close_modal(self, browser):\n        main_page = MainPageHelper(browser)\n        main_page.go_to_site()\n    \n        main_page.click_on_sauce()\n        main_page.close_modal_window()\n>       assert main_page.is_modal_window_hidden() is True\n\ntests/test_constructor_on_main.py:26: \n_ _ _ _ _ _ _ _ _ _ _ _ _ _ _ _ _ _ _ _ _ _ _ _ _ _ _ _ _ _ _ _ _ _ _ _ _ _ _ _ _ _ _ _ _ _ _ _ _ _ _ _ _ _ _ _ _ _ _ _ _ _ _ _ _ _ _ _ _ _ _ _ _ _ _ _ _ _ _ _ _ _ _ _ _ _ _ _ _ _ _ _ _ _ _ _ _ _ _ _ _ _ \npages/main_page.py:68: in is_modal_window_hidden\n    modal_class = self.find_element(self.modal_state_hidden, self.WAIT_TIME_MEDIUM).get_attribute('class')\npages/base_page.py:14: in find_element\n    return WebDriverWait(self.driver, time).until(EC.element_to_be_clickable(locator),\n_ _ _ _ _ _ _ _ _ _ _ _ _ _ _ _ _ _ _ _ _ _ _ _ _ _ _ _ _ _ _ _ _ _ _ _ _ _ _ _ _ _ _ _ _ _ _ _ _ _ _ _ _ _ _ _ _ _ _ _ _ _ _ _ _ _ _ _ _ _ _ _ _ _ _ _ _ _ _ _ _ _ _ _ _ _ _ _ _ _ _ _ _ _ _ _ _ _ _ _ _ _ \n\nself = <selenium.webdriver.support.wait.WebDriverWait (session=\"4d8de97f-d865-4bae-b137-2d1226fa9877\")>, method = <function element_to_be_clickable.<locals>._predicate at 0x10510e700>\nmessage = 'Элемент (\\'xpath\\', \"//section[contains(@class, \\'Modal_modal\\') and contains(@class, \\'Modal_modal\\')][1]\") не найден'\n\n    def until(self, method: Callable[[D], Union[Literal[False], T]], message: str = \"\") -> T:\n        \"\"\"Calls the method provided with the driver as an argument until the \\\n        return value does not evaluate to ``False``.\n    \n        :param method: callable(WebDriver)\n        :param message: optional message for :exc:`TimeoutException`\n        :returns: the result of the last call to `method`\n        :raises: :exc:`selenium.common.exceptions.TimeoutException` if timeout occurs\n        \"\"\"\n        screen = None\n        stacktrace = None\n    \n        end_time = time.monotonic() + self._timeout\n        while True:\n            try:\n                value = method(self._driver)\n                if value:\n                    return value\n            except self._ignored_exceptions as exc:\n                screen = getattr(exc, \"screen\", None)\n                stacktrace = getattr(exc, \"stacktrace\", None)\n            time.sleep(self._poll)\n            if time.monotonic() > end_time:\n                break\n>       raise TimeoutException(message, screen, stacktrace)\nE       selenium.common.exceptions.TimeoutException: Message: Элемент ('xpath', \"//section[contains(@class, 'Modal_modal') and contains(@class, 'Modal_modal')][1]\") не найден\n\n.venv/lib/python3.12/site-packages/selenium/webdriver/support/wait.py:105: TimeoutException"}, "description": "Проверяем, что при нажатии на игридиент открывается модальное окно и закрываем его", "steps": [{"name": "Перейти на по урлу", "status": "passed", "start": 1727547661252, "stop": 1727547664071}, {"name": "Нажимает на соус", "status": "passed", "steps": [{"name": "Найти элемент", "status": "passed", "parameters": [{"name": "locator", "value": "('xpath', \"//img[@alt='Соус Spicy-X']\")"}, {"name": "time", "value": "15"}], "start": 1727547664072, "stop": 1727547664093}], "start": 1727547664072, "stop": 1727547664319}, {"name": "Закрывает модальное окно ингридиента", "status": "passed", "steps": [{"name": "Найти элемент", "status": "passed", "parameters": [{"name": "locator", "value": "('xpath', \"//button[@type='button']//*[name()='svg']\")"}, {"name": "time", "value": "15"}], "start": 1727547664319, "stop": 1727547664330}], "start": 1727547664319, "stop": 1727547664546}, {"name": "Проверяет состояние модального окна на закрытость", "status": "broken", "statusDetails": {"message": "selenium.common.exceptions.TimeoutException: Message: Элемент ('xpath', \"//section[contains(@class, 'Modal_modal') and contains(@class, 'Modal_modal')][1]\") не найден\n\n", "trace": "  File \"/Users/mchvell/Diplom_3/.venv/lib/python3.12/site-packages/allure_commons/_allure.py\", line 192, in impl\n    return func(*a, **kw)\n           ^^^^^^^^^^^^^^\n  File \"/Users/mchvell/Diplom_3/pages/main_page.py\", line 68, in is_modal_window_hidden\n    modal_class = self.find_element(self.modal_state_hidden, self.WAIT_TIME_MEDIUM).get_attribute('class')\n                  ^^^^^^^^^^^^^^^^^^^^^^^^^^^^^^^^^^^^^^^^^^^^^^^^^^^^^^^^^^^^^^^^^\n  File \"/Users/mchvell/Diplom_3/.venv/lib/python3.12/site-packages/allure_commons/_allure.py\", line 192, in impl\n    return func(*a, **kw)\n           ^^^^^^^^^^^^^^\n  File \"/Users/mchvell/Diplom_3/pages/base_page.py\", line 14, in find_element\n    return WebDriverWait(self.driver, time).until(EC.element_to_be_clickable(locator),\n           ^^^^^^^^^^^^^^^^^^^^^^^^^^^^^^^^^^^^^^^^^^^^^^^^^^^^^^^^^^^^^^^^^^^^^^^^^^^\n  File \"/Users/mchvell/Diplom_3/.venv/lib/python3.12/site-packages/selenium/webdriver/support/wait.py\", line 105, in until\n    raise TimeoutException(message, screen, stacktrace)\n"}, "steps": [{"name": "Найти элемент", "status": "broken", "statusDetails": {"message": "selenium.common.exceptions.TimeoutException: Message: Элемент ('xpath', \"//section[contains(@class, 'Modal_modal') and contains(@class, 'Modal_modal')][1]\") не найден\n\n", "trace": "  File \"/Users/mchvell/Diplom_3/.venv/lib/python3.12/site-packages/allure_commons/_allure.py\", line 192, in impl\n    return func(*a, **kw)\n           ^^^^^^^^^^^^^^\n  File \"/Users/mchvell/Diplom_3/pages/base_page.py\", line 14, in find_element\n    return WebDriverWait(self.driver, time).until(EC.element_to_be_clickable(locator),\n           ^^^^^^^^^^^^^^^^^^^^^^^^^^^^^^^^^^^^^^^^^^^^^^^^^^^^^^^^^^^^^^^^^^^^^^^^^^^\n  File \"/Users/mchvell/Diplom_3/.venv/lib/python3.12/site-packages/selenium/webdriver/support/wait.py\", line 105, in until\n    raise TimeoutException(message, screen, stacktrace)\n"}, "parameters": [{"name": "locator", "value": "('xpath', \"//section[contains(@class, 'Modal_modal') and contains(@class, 'Modal_modal')][1]\")"}, {"name": "time", "value": "15"}], "start": 1727547664546, "stop": 1727547680056}], "start": 1727547664546, "stop": 1727547680061}], "parameters": [{"name": "browser", "value": "'firefox'"}], "start": 1727547661252, "stop": 1727547680063, "uuid": "d2fe879a-6545-4598-ab5f-13e3fc4d5fa2", "historyId": "6097edc685da54af1ad9f8c127bbdc17", "testCaseId": "789f8fc10a78b0ca33d4e42097f9d5c3", "fullName": "tests.test_constructor_on_main.TestMainPageConstructor#test_click_on_ingredient_and_close_modal", "labels": [{"name": "parentSuite", "value": "tests"}, {"name": "suite", "value": "test_constructor_on_main"}, {"name": "subSuite", "value": "TestMainPageConstructor"}, {"name": "host", "value": "mchvell-book-m2-pro.local"}, {"name": "thread", "value": "54040-MainThread"}, {"name": "framework", "value": "pytest"}, {"name": "language", "value": "cpython3"}, {"name": "package", "value": "tests.test_constructor_on_main"}]}