{"name": "test_drag_and_drop_sauce[firefox]", "status": "broken", "statusDetails": {"message": "selenium.common.exceptions.TimeoutException: Message: Элемент ('xpath', \"//p[normalize-space()='1']\") не найден\nStacktrace:\nRemoteError@chrome://remote/content/shared/RemoteError.sys.mjs:8:8\nWebDriverError@chrome://remote/content/shared/webdriver/Errors.sys.mjs:193:5\nNoSuchElementError@chrome://remote/content/shared/webdriver/Errors.sys.mjs:511:5\ndom.find/</<@chrome://remote/content/shared/DOM.sys.mjs:136:16", "trace": "self = <tests.test_constructor_on_main.TestMainPageConstructor object at 0x103727440>, browser = <selenium.webdriver.firefox.webdriver.WebDriver (session=\"84f6c865-fbe5-4aaf-9cc0-7719ea31ecb2\")>\n\n    @allure.description(\"Проверяем, что при d&d меняется каунтер соуса\")\n    @pytest.mark.parametrize(\"browser\", [\"chrome\", \"firefox\"], indirect=True)\n    def test_drag_and_drop_sauce(self, browser):\n        main_page = MainPageHelper(browser)\n        main_page.go_to_site()\n    \n        main_page.drag_and_drop_item(type=\"sauce\", name=\"spice_x\")\n>       sauce_counter = main_page.get_sauce_counter_value()\n\ntests/test_constructor_on_main.py:35: \n_ _ _ _ _ _ _ _ _ _ _ _ _ _ _ _ _ _ _ _ _ _ _ _ _ _ _ _ _ _ _ _ _ _ _ _ _ _ _ _ _ _ _ _ _ _ _ _ _ _ _ _ _ _ _ _ _ _ _ _ _ _ _ _ _ _ _ _ _ _ _ _ _ _ _ _ _ _ _ _ _ _ _ _ _ _ _ _ _ _ _ _ _ _ _ _ _ _ _ _ _ _ \npages/main_page.py:73: in get_sauce_counter_value\n    return self.find_element(self.sauce_counter, self.WAIT_TIME_MEDIUM).text\npages/base_page.py:14: in find_element\n    return WebDriverWait(self.driver, time).until(EC.element_to_be_clickable(locator),\n_ _ _ _ _ _ _ _ _ _ _ _ _ _ _ _ _ _ _ _ _ _ _ _ _ _ _ _ _ _ _ _ _ _ _ _ _ _ _ _ _ _ _ _ _ _ _ _ _ _ _ _ _ _ _ _ _ _ _ _ _ _ _ _ _ _ _ _ _ _ _ _ _ _ _ _ _ _ _ _ _ _ _ _ _ _ _ _ _ _ _ _ _ _ _ _ _ _ _ _ _ _ \n\nself = <selenium.webdriver.support.wait.WebDriverWait (session=\"84f6c865-fbe5-4aaf-9cc0-7719ea31ecb2\")>, method = <function element_to_be_clickable.<locals>._predicate at 0x10510d6c0>\nmessage = 'Элемент (\\'xpath\\', \"//p[normalize-space()=\\'1\\']\") не найден'\n\n    def until(self, method: Callable[[D], Union[Literal[False], T]], message: str = \"\") -> T:\n        \"\"\"Calls the method provided with the driver as an argument until the \\\n        return value does not evaluate to ``False``.\n    \n        :param method: callable(WebDriver)\n        :param message: optional message for :exc:`TimeoutException`\n        :returns: the result of the last call to `method`\n        :raises: :exc:`selenium.common.exceptions.TimeoutException` if timeout occurs\n        \"\"\"\n        screen = None\n        stacktrace = None\n    \n        end_time = time.monotonic() + self._timeout\n        while True:\n            try:\n                value = method(self._driver)\n                if value:\n                    return value\n            except self._ignored_exceptions as exc:\n                screen = getattr(exc, \"screen\", None)\n                stacktrace = getattr(exc, \"stacktrace\", None)\n            time.sleep(self._poll)\n            if time.monotonic() > end_time:\n                break\n>       raise TimeoutException(message, screen, stacktrace)\nE       selenium.common.exceptions.TimeoutException: Message: Элемент ('xpath', \"//p[normalize-space()='1']\") не найден\nE       Stacktrace:\nE       RemoteError@chrome://remote/content/shared/RemoteError.sys.mjs:8:8\nE       WebDriverError@chrome://remote/content/shared/webdriver/Errors.sys.mjs:193:5\nE       NoSuchElementError@chrome://remote/content/shared/webdriver/Errors.sys.mjs:511:5\nE       dom.find/</<@chrome://remote/content/shared/DOM.sys.mjs:136:16\n\n.venv/lib/python3.12/site-packages/selenium/webdriver/support/wait.py:105: TimeoutException"}, "description": "Проверяем, что при d&d меняется каунтер соуса", "steps": [{"name": "Перейти на по урлу", "status": "passed", "start": 1727547686069, "stop": 1727547688632}, {"name": "Создает бургер исходя из входных параметров", "status": "passed", "steps": [{"name": "Найти элемент", "status": "passed", "parameters": [{"name": "locator", "value": "('xpath', \"//img[@alt='Соус Spicy-X']\")"}, {"name": "time", "value": "15"}], "start": 1727547688632, "stop": 1727547688657}, {"name": "Ожидает элемент", "status": "passed", "parameters": [{"name": "locator", "value": "('xpath', \"//section[contains(@class, 'BurgerConstructor_basket')]\")"}, {"name": "timeout", "value": "15"}], "start": 1727547688657, "stop": 1727547688663}], "parameters": [{"name": "type", "value": "'sauce'"}, {"name": "name", "value": "'spice_x'"}], "start": 1727547688632, "stop": 1727547689207}, {"name": "Получает количество в каунтере для соуса", "status": "broken", "statusDetails": {"message": "selenium.common.exceptions.TimeoutException: Message: Элемент ('xpath', \"//p[normalize-space()='1']\") не найден\nStacktrace:\nRemoteError@chrome://remote/content/shared/RemoteError.sys.mjs:8:8\nWebDriverError@chrome://remote/content/shared/webdriver/Errors.sys.mjs:193:5\nNoSuchElementError@chrome://remote/content/shared/webdriver/Errors.sys.mjs:511:5\ndom.find/</<@chrome://remote/content/shared/DOM.sys.mjs:136:16\n\n", "trace": "  File \"/Users/mchvell/Diplom_3/.venv/lib/python3.12/site-packages/allure_commons/_allure.py\", line 192, in impl\n    return func(*a, **kw)\n           ^^^^^^^^^^^^^^\n  File \"/Users/mchvell/Diplom_3/pages/main_page.py\", line 73, in get_sauce_counter_value\n    return self.find_element(self.sauce_counter, self.WAIT_TIME_MEDIUM).text\n           ^^^^^^^^^^^^^^^^^^^^^^^^^^^^^^^^^^^^^^^^^^^^^^^^^^^^^^^^^^^^\n  File \"/Users/mchvell/Diplom_3/.venv/lib/python3.12/site-packages/allure_commons/_allure.py\", line 192, in impl\n    return func(*a, **kw)\n           ^^^^^^^^^^^^^^\n  File \"/Users/mchvell/Diplom_3/pages/base_page.py\", line 14, in find_element\n    return WebDriverWait(self.driver, time).until(EC.element_to_be_clickable(locator),\n           ^^^^^^^^^^^^^^^^^^^^^^^^^^^^^^^^^^^^^^^^^^^^^^^^^^^^^^^^^^^^^^^^^^^^^^^^^^^\n  File \"/Users/mchvell/Diplom_3/.venv/lib/python3.12/site-packages/selenium/webdriver/support/wait.py\", line 105, in until\n    raise TimeoutException(message, screen, stacktrace)\n"}, "steps": [{"name": "Найти элемент", "status": "broken", "statusDetails": {"message": "selenium.common.exceptions.TimeoutException: Message: Элемент ('xpath', \"//p[normalize-space()='1']\") не найден\nStacktrace:\nRemoteError@chrome://remote/content/shared/RemoteError.sys.mjs:8:8\nWebDriverError@chrome://remote/content/shared/webdriver/Errors.sys.mjs:193:5\nNoSuchElementError@chrome://remote/content/shared/webdriver/Errors.sys.mjs:511:5\ndom.find/</<@chrome://remote/content/shared/DOM.sys.mjs:136:16\n\n", "trace": "  File \"/Users/mchvell/Diplom_3/.venv/lib/python3.12/site-packages/allure_commons/_allure.py\", line 192, in impl\n    return func(*a, **kw)\n           ^^^^^^^^^^^^^^\n  File \"/Users/mchvell/Diplom_3/pages/base_page.py\", line 14, in find_element\n    return WebDriverWait(self.driver, time).until(EC.element_to_be_clickable(locator),\n           ^^^^^^^^^^^^^^^^^^^^^^^^^^^^^^^^^^^^^^^^^^^^^^^^^^^^^^^^^^^^^^^^^^^^^^^^^^^\n  File \"/Users/mchvell/Diplom_3/.venv/lib/python3.12/site-packages/selenium/webdriver/support/wait.py\", line 105, in until\n    raise TimeoutException(message, screen, stacktrace)\n"}, "parameters": [{"name": "locator", "value": "('xpath', \"//p[normalize-space()='1']\")"}, {"name": "time", "value": "15"}], "start": 1727547689208, "stop": 1727547704516}], "start": 1727547689208, "stop": 1727547704517}], "parameters": [{"name": "browser", "value": "'firefox'"}], "start": 1727547686068, "stop": 1727547704517, "uuid": "7708fe00-cbce-4a85-92f2-41812c8447c4", "historyId": "42ab0c542e840d331c5467d8c884b309", "testCaseId": "5a21edaf689dfa05c09e536dd084816f", "fullName": "tests.test_constructor_on_main.TestMainPageConstructor#test_drag_and_drop_sauce", "labels": [{"name": "parentSuite", "value": "tests"}, {"name": "suite", "value": "test_constructor_on_main"}, {"name": "subSuite", "value": "TestMainPageConstructor"}, {"name": "host", "value": "mchvell-book-m2-pro.local"}, {"name": "thread", "value": "54040-MainThread"}, {"name": "framework", "value": "pytest"}, {"name": "language", "value": "cpython3"}, {"name": "package", "value": "tests.test_constructor_on_main"}]}